<?xml version="1.0" encoding="UTF-8"?>
<!-- Generated by org.testng.reporters.JUnitReportReporter -->
<testsuite hostname="DESKTOP-SAJRM84" failures="0" tests="2" name="Pro.Training.Tech.Students.Selenium" time="0.015" errors="0" timestamp="2024-09-14T10:33:11 EDT" skipped="0">
  <testcase classname="Pro.Training.Tech.Students.Selenium" name="second" time="0.004"/>
  <testcase classname="Pro.Training.Tech.Students.Selenium" name="f" time="0.011"/>
</testsuite> <!-- Pro.Training.Tech.Students.Selenium -->
