<?xml version="1.0" encoding="UTF-8"?>
<!-- Generated by org.testng.reporters.JUnitReportReporter -->
<testsuite hostname="DESKTOP-SAJRM84" failures="0" tests="1" name="Pro.Training.Tech.Students.Searches" time="34.405" errors="0" timestamp="2024-09-14T10:33:11 EDT" skipped="0">
  <testcase classname="Pro.Training.Tech.Students.Searches" name="f" time="34.405"/>
</testsuite> <!-- Pro.Training.Tech.Students.Searches -->
