<?xml version="1.0" encoding="UTF-8"?>
<!-- Generated by org.testng.reporters.JUnitReportReporter -->
<testsuite hostname="DESKTOP-SAJRM84" failures="0" tests="3" name="Pro.Training.Tech.Students.ContactUsForm" time="108.939" errors="0" timestamp="2024-09-22T09:42:28 EDT" skipped="0">
  <testcase classname="Pro.Training.Tech.Students.ContactUsForm" name="f" time="36.801"/>
  <testcase classname="Pro.Training.Tech.Students.ContactUsForm" name="f" time="36.141"/>
  <testcase classname="Pro.Training.Tech.Students.ContactUsForm" name="f" time="35.997"/>
</testsuite> <!-- Pro.Training.Tech.Students.ContactUsForm -->
