<?xml version="1.0" encoding="UTF-8"?>
<!-- Generated by org.testng.reporters.JUnitReportReporter -->
<testsuite hostname="DESKTOP-SAJRM84" failures="0" tests="2" name="Pro.Training.Tech.Students.PageObjectModel" time="51.298" errors="0" timestamp="2024-09-14T10:33:11 EDT" skipped="0">
  <testcase classname="Pro.Training.Tech.Students.PageObjectModel" name="f" time="34.314"/>
  <testcase classname="Pro.Training.Tech.Students.PageObjectModel" name="seconds" time="16.984"/>
</testsuite> <!-- Pro.Training.Tech.Students.PageObjectModel -->
