<?xml version="1.0" encoding="UTF-8"?>
<!-- Generated by org.testng.reporters.JUnitReportReporter -->
<testsuite hostname="DESKTOP-SAJRM84" failures="0" tests="2" name="Pro.Training.Tech.Students.Setupbrowers" time="70.199" errors="0" timestamp="2024-08-31T12:37:05 EDT" skipped="0">
  <testcase classname="Pro.Training.Tech.Students.Setupbrowers" name="keyboards" time="36.852"/>
  <testcase classname="Pro.Training.Tech.Students.Setupbrowers" name="f" time="33.347"/>
</testsuite> <!-- Pro.Training.Tech.Students.Setupbrowers -->
