<?xml version="1.0" encoding="UTF-8"?>
<!-- Generated by org.testng.reporters.JUnitReportReporter -->
<testsuite hostname="DESKTOP-SAJRM84" failures="0" tests="1" name="Pro.Training.Tech.Students.Findelements" time="18.287" errors="0" timestamp="2024-09-14T11:04:12 EDT" skipped="0">
  <testcase classname="Pro.Training.Tech.Students.Findelements" name="f" time="18.287"/>
</testsuite> <!-- Pro.Training.Tech.Students.Findelements -->
